autoscan: warning: missing AC_CHECK_FUNCS([clock_gettime]) wanted by: 
	src/perform.cpp:1448
	src/perform.cpp:1474
	src/perform.cpp:1483
	src/perform.cpp:1738
	src/perform.cpp:1798
autoscan: warning: missing AC_CHECK_FUNCS([memset]) wanted by: 
	src/mainwnd.cpp:1210
	src/seqedit.cpp:1089
	src/seqdata.cpp:122
	src/perform.cpp:1233
	src/perform.cpp:1888
	src/perform.cpp:2491
autoscan: warning: missing AC_CHECK_FUNCS([select]) wanted by: 
	src/event.cpp:346
	src/event.h:127
	src/sequence.cpp:891
	src/sequence.cpp:892
	src/sequence.cpp:928
	src/sequence.cpp:929
	src/sequence.cpp:948
	src/sequence.cpp:980
	src/sequence.cpp:1030
	src/sequence.cpp:1056
	src/sequence.cpp:1088
	src/sequence.cpp:1153
	src/sequence.cpp:3333
	src/sequence.cpp:3339
	src/sequence.cpp:3454
	src/sequence.cpp:3478
autoscan: warning: missing AC_CHECK_FUNCS([strdup]) wanted by: 
	src/perform.cpp:1320
autoscan: warning: missing AC_CHECK_FUNCS([strerror]) wanted by: 
	src/mainwnd.cpp:1189
	src/mainwnd.cpp:1200
	src/mainwnd.cpp:1215
	src/mainwnd.cpp:1221
	src/mainwnd.cpp:1243
autoscan: warning: missing AC_CHECK_HEADER_STDBOOL wanted by: 
	src/perftime.h:76
	src/perftime.h:77
	src/perftime.h:78
	src/sequence.h:52
	src/sequence.h:63
	src/sequence.h:102
	src/sequence.h:115
	src/sequence.h:116
	src/sequence.h:117
	src/sequence.h:118
	src/sequence.h:119
	src/sequence.h:120
	src/sequence.h:122
	src/sequence.h:126
	src/sequence.h:127
	src/sequence.h:128
	src/sequence.h:129
	src/sequence.h:132
	src/sequence.h:133
	src/sequence.h:215
	src/sequence.h:216
	src/sequence.h:221
	src/sequence.h:225
	src/sequence.h:229
	src/sequence.h:233
	src/sequence.h:240
	src/sequence.h:250
	src/sequence.h:251
	src/sequence.h:256
	src/sequence.h:259
	src/sequence.h:260
	src/sequence.h:262
	src/sequence.h:263
	src/sequence.h:265
	src/sequence.h:266
	src/sequence.h:270
	src/sequence.h:271
	src/sequence.h:272
	src/sequence.h:273
	src/sequence.h:289
	src/sequence.h:299
	src/sequence.h:303
	src/sequence.h:304
	src/sequence.h:305
	src/sequence.h:307
	src/sequence.h:308
	src/sequence.h:309
	src/sequence.h:317
	src/sequence.h:323
	src/sequence.h:377
	src/sequence.h:381
	src/sequence.h:440
	src/sequence.h:445
	src/sequence.h:449
	src/sequence.h:451
	src/sequence.h:453
	src/sequence.h:455
	src/sequence.h:462
	src/sequence.h:464
	src/midifile.cpp:88
	src/midifile.cpp:171
	src/midifile.cpp:585
	src/seqevent.cpp:319
	src/seqevent.cpp:459
	src/seqevent.cpp:554
	src/seqevent.cpp:557
	src/seqevent.cpp:598
	src/seqevent.cpp:601
	src/seqevent.cpp:617
	src/seqevent.cpp:620
	src/seqevent.cpp:659
	src/seqevent.cpp:666
	src/seqevent.cpp:673
	src/seqevent.cpp:676
	src/seqevent.cpp:766
	src/seqevent.cpp:965
	src/seqevent.cpp:1079
	src/seqevent.cpp:1127
	src/seqevent.cpp:1142
	src/seqevent.cpp:1289
	src/seqevent.cpp:1360
	src/perfroll_input.h:33
	src/perfroll_input.h:34
	src/perfroll_input.h:35
	src/perfroll_input.h:44
	src/perfroll_input.h:45
	src/perfroll_input.h:46
	src/perfroll_input.h:49
	src/perfroll_input.h:53
	src/perfroll_input.h:62
	src/perfroll_input.h:63
	src/perfroll_input.h:64
	src/perfroll_input.h:67
	src/perfroll_input.h:68
	src/perfroll_input.h:69
	src/lash.cpp:79
	src/playlist_wnd.cpp:271
	src/playlist_wnd.cpp:274
	src/playlist_wnd.cpp:282
	src/playlist_wnd.cpp:457
	src/playlist_wnd.cpp:474
	src/seqdata.h:83
	src/seqdata.h:86
	src/seqdata.h:88
	src/seqdata.h:89
	src/seqdata.h:90
	src/seqdata.h:91
	src/seqdata.h:92
	src/event.cpp:142
	src/event.cpp:145
	src/event.cpp:195
	src/event.cpp:201
	src/event.cpp:279
	src/event.cpp:293
	src/event.cpp:306
	src/event.cpp:314
	src/event.cpp:333
	src/event.cpp:357
	src/event.cpp:374
	src/event.cpp:392
	src/mainwid.h:81
	src/mainwid.h:82
	src/mainwid.h:95
	src/mainwid.h:100
	src/mainwid.h:101
	src/mainwid.h:102
	src/mainwid.h:103
	src/mainwid.h:104
	src/mainwid.h:105
	src/seqtime.cpp:120
	src/seqtime.cpp:280
	src/seqtime.cpp:305
	src/seqtime.cpp:311
	src/mainwnd.cpp:42
	src/mainwnd.cpp:324
	src/mainwnd.cpp:443
	src/mainwnd.cpp:521
	src/mainwnd.cpp:560
	src/mainwnd.cpp:576
	src/mainwnd.cpp:576
	src/mainwnd.cpp:578
	src/mainwnd.cpp:639
	src/mainwnd.cpp:692
	src/mainwnd.cpp:694
	src/mainwnd.cpp:737
	src/mainwnd.cpp:739
	src/mainwnd.cpp:862
	src/mainwnd.cpp:865
	src/mainwnd.cpp:930
	src/mainwnd.cpp:961
	src/mainwnd.cpp:1090
	src/mainwnd.cpp:1171
	src/mainwnd.cpp:1194
	src/mainwnd.cpp:1229
	src/perfroll_input.cpp:8
	src/perfroll_input.cpp:64
	src/perfroll_input.cpp:101
	src/perfroll_input.cpp:121
	src/perfroll_input.cpp:141
	src/perfroll_input.cpp:221
	src/perfroll_input.cpp:231
	src/perfroll_input.cpp:258
	src/perfroll_input.cpp:321
	src/perfroll_input.cpp:335
	src/perfroll_input.cpp:367
	src/perfroll_input.cpp:448
	src/perfroll_input.cpp:459
	src/perfroll_input.cpp:487
	src/perfedit.cpp:271
	src/perfedit.cpp:274
	src/perfedit.cpp:282
	src/perfedit.cpp:464
	src/perfedit.cpp:481
	src/midibus.cpp:137
	src/midibus.cpp:172
	src/midibus.cpp:197
	src/midibus.cpp:248
	src/midibus.cpp:271
	src/midibus.cpp:568
	src/midibus.cpp:585
	src/midibus.cpp:627
	src/midibus.cpp:1176
	src/midibus.cpp:1189
	src/midibus.cpp:1286
	src/midibus.cpp:1333
	src/midibus.cpp:1370
	src/midibus.cpp:1455
	src/midibus.cpp:1462
	src/midibus.cpp:1463
	src/midibus.cpp:1570
	src/seqtime.h:69
	src/seqtime.h:70
	src/seqtime.h:71
	src/seqtime.h:76
	src/userfile.cpp:36
	src/userfile.cpp:256
	src/userfile.cpp:260
	src/userfile.cpp:264
	src/userfile.cpp:268
	src/userfile.cpp:280
	src/userfile.cpp:294
	src/userfile.cpp:315
	src/event.h:72
	src/event.h:75
	src/event.h:78
	src/event.h:81
	src/event.h:106
	src/event.h:116
	src/event.h:121
	src/event.h:125
	src/event.h:129
	src/event.h:141
	src/event.h:142
	src/event.h:148
	src/event.h:149
	src/event.h:151
	src/event.h:152
	src/seqedit.h:255
	src/seqedit.h:259
	src/seqedit.h:275
	src/seqedit.h:276
	src/seqedit.h:277
	src/optionsfile.cpp:38
	src/optionsfile.cpp:200
	src/optionsfile.cpp:212
	src/optionsfile.cpp:216
	src/optionsfile.cpp:220
	src/optionsfile.cpp:224
	src/optionsfile.cpp:236
	src/optionsfile.cpp:250
	src/optionsfile.cpp:270
	src/seqedit.cpp:1009
	src/seqedit.cpp:1065
	src/seqedit.cpp:1082
	src/seqedit.cpp:1083
	src/seqedit.cpp:1084
	src/seqedit.cpp:1085
	src/seqedit.cpp:1086
	src/seqedit.cpp:1087
	src/seqedit.cpp:1088
	src/seqedit.cpp:1089
	src/seqedit.cpp:1492
	src/seqedit.cpp:1521
	src/seqedit.cpp:1535
	src/seqedit.cpp:1580
	src/globals.h:151
	src/globals.h:152
	src/globals.h:153
	src/globals.h:154
	src/globals.h:155
	src/globals.h:156
	src/globals.h:157
	src/globals.h:158
	src/globals.h:159
	src/globals.h:164
	src/globals.h:166
	src/globals.h:179
	src/globals.h:196
	src/seqdata.cpp:186
	src/seqdata.cpp:276
	src/seqdata.cpp:297
	src/seqdata.cpp:321
	src/seqdata.cpp:344
	src/seqdata.cpp:405
	src/seqdata.cpp:455
	src/midibus_portmidi.h:58
	src/midibus_portmidi.h:86
	src/midibus_portmidi.h:87
	src/midibus_portmidi.h:109
	src/midibus_portmidi.h:110
	src/midibus_portmidi.h:145
	src/midibus_portmidi.h:146
	src/midibus_portmidi.h:148
	src/midibus_portmidi.h:149
	src/midibus_portmidi.h:152
	src/midibus_portmidi.h:164
	src/midibus_portmidi.h:206
	src/midibus_portmidi.h:207
	src/midibus_portmidi.h:208
	src/midibus_portmidi.h:210
	src/midibus_portmidi.h:221
	src/midibus_portmidi.h:222
	src/userfile.h:36
	src/userfile.h:37
	src/perform.h:53
	src/perform.h:54
	src/perform.h:85
	src/perform.h:94
	src/perform.h:95
	src/perform.h:99
	src/perform.h:100
	src/perform.h:102
	src/perform.h:112
	src/perform.h:117
	src/perform.h:120
	src/perform.h:121
	src/perform.h:122
	src/perform.h:123
	src/perform.h:132
	src/perform.h:134
	src/perform.h:135
	src/perform.h:136
	src/perform.h:137
	src/perform.h:139
	src/perform.h:147
	src/perform.h:148
	src/perform.h:150
	src/perform.h:151
	src/perform.h:152
	src/perform.h:153
	src/perform.h:155
	src/perform.h:167
	src/perform.h:168
	src/perform.h:172
	src/perform.h:175
	src/perform.h:177
	src/perform.h:192
	src/perform.h:213
	src/perform.h:218
	src/perform.h:219
	src/perform.h:221
	src/perform.h:227
	src/perform.h:229
	src/perform.h:232
	src/perform.h:233
	src/perform.h:259
	src/perform.h:275
	src/perform.h:294
	src/perform.h:306
	src/perform.h:321
	src/perform.h:324
	src/perform.h:329
	src/perform.h:334
	src/perform.h:336
	src/perform.h:337
	src/perform.h:338
	src/perform.h:339
	src/perform.h:340
	src/perform.h:355
	src/perform.h:363
	src/perform.h:364
	src/perfedit.h:98
	src/perfedit.h:153
	src/perfedit.h:155
	src/perfedit.h:156
	src/optionsfile.h:38
	src/optionsfile.h:39
	src/midibus_portmidi.cpp:82
	src/midibus_portmidi.cpp:97
	src/midibus_portmidi.cpp:290
	src/midibus_portmidi.cpp:299
	src/midibus_portmidi.cpp:334
	src/midibus_portmidi.cpp:643
	src/midibus_portmidi.cpp:656
	src/midibus_portmidi.cpp:730
	src/midibus_portmidi.cpp:751
	src/midibus_portmidi.cpp:756
	src/midibus_portmidi.cpp:797
	src/seqroll.h:61
	src/seqroll.h:62
	src/seqroll.h:63
	src/seqroll.h:65
	src/seqroll.h:66
	src/seqroll.h:67
	src/seqroll.h:74
	src/seqroll.h:75
	src/seqroll.h:76
	src/seqroll.h:77
	src/seqroll.h:78
	src/seqroll.h:128
	src/seqroll.h:129
	src/seqroll.h:130
	src/seqroll.h:131
	src/seqroll.h:132
	src/seqroll.h:133
	src/seqroll.h:134
	src/seqroll.h:135
	src/seqroll.h:136
	src/seqroll.h:160
	src/seqroll.h:162
	src/seqroll.h:165
	src/seqroll.h:166
	src/seqroll.h:167
	src/seqroll.h:168
	src/seqroll.h:169
	src/seqroll.h:170
	src/seqroll.h:171
	src/seqroll.h:172
	src/seqroll.h:174
	src/seqroll.h:175
	src/seqroll.h:215
	src/seqroll.h:232
	src/perform.cpp:232
	src/perform.cpp:317
	src/perform.cpp:327
	src/perform.cpp:509
	src/perform.cpp:574
	src/perform.cpp:605
	src/perform.cpp:614
	src/perform.cpp:624
	src/perform.cpp:631
	src/perform.cpp:641
	src/perform.cpp:648
	src/perform.cpp:658
	src/perform.cpp:665
	src/perform.cpp:675
	src/perform.cpp:692
	src/perform.cpp:698
	src/perform.cpp:733
	src/perform.cpp:918
	src/perform.cpp:997
	src/perform.cpp:1062
	src/perform.cpp:1093
	src/perform.cpp:1154
	src/perform.cpp:1182
	src/perform.cpp:1309
	src/perform.cpp:1411
	src/perform.cpp:1412
	src/perform.cpp:1414
	src/perform.cpp:1915
	src/perform.cpp:2407
	src/perform.cpp:2438
	src/perform.cpp:2479
	src/perform.cpp:2483
	src/perform.cpp:2543
	src/perform.cpp:2547
	src/perform.cpp:2560
	src/sequence.cpp:161
	src/sequence.cpp:166
	src/sequence.cpp:267
	src/sequence.cpp:282
	src/sequence.cpp:290
	src/sequence.cpp:309
	src/sequence.cpp:450
	src/sequence.cpp:548
	src/sequence.cpp:1113
	src/sequence.cpp:1496
	src/sequence.cpp:1503
	src/sequence.cpp:1588
	src/sequence.cpp:1594
	src/sequence.cpp:1662
	src/sequence.cpp:1776
	src/sequence.cpp:1781
	src/sequence.cpp:1789
	src/sequence.cpp:1794
	src/sequence.cpp:1803
	src/sequence.cpp:1808
	src/sequence.cpp:1817
	src/sequence.cpp:1822
	src/sequence.cpp:1900
	src/sequence.cpp:1953
	src/sequence.cpp:1981
	src/sequence.cpp:2018
	src/sequence.cpp:2324
	src/sequence.cpp:2471
	src/sequence.cpp:2611
	src/sequence.cpp:2616
	src/sequence.cpp:2635
	src/sequence.cpp:2640
	src/sequence.cpp:2659
	src/sequence.cpp:2664
	src/sequence.cpp:2813
	src/sequence.cpp:2861
	src/sequence.cpp:2881
	src/sequence.cpp:2887
	src/sequence.cpp:2916
	src/sequence.cpp:2917
	src/sequence.cpp:3037
	src/sequence.cpp:3041
	src/sequence.cpp:3075
	src/sequence.cpp:3111
	src/sequence.cpp:3120
	src/sequence.cpp:3129
	src/sequence.cpp:3144
	src/sequence.cpp:3152
	src/sequence.cpp:3160
	src/sequence.cpp:3168
	src/sequence.cpp:3241
	src/sequence.cpp:3305
	src/sequence.cpp:3315
	src/sequence.cpp:3381
	src/sequence.cpp:3417
	src/sequence.cpp:3433
	src/midifile.h:58
	src/midifile.h:59
	src/perftime.cpp:124
	src/perftime.cpp:223
	src/perftime.cpp:250
	src/lash.h:48
	src/keybindentry.cpp:62
	src/keybindentry.cpp:64
	src/mainwnd.h:54
	src/mainwnd.h:71
	src/mainwnd.h:76
	src/mainwnd.h:125
	src/mainwnd.h:128
	src/mainwnd.h:140
	src/mainwnd.h:148
	src/mainwnd.h:149
	src/mainwnd.h:151
	src/mainwnd.h:153
	src/mainwnd.h:154
	src/mainwnd.h:161
	src/mainwnd.h:161
	src/mainwnd.h:162
	src/mainwnd.h:163
	src/mainwnd.h:164
	src/midibus.h:67
	src/midibus.h:128
	src/midibus.h:129
	src/midibus.h:130
	src/midibus.h:131
	src/midibus.h:132
	src/midibus.h:153
	src/midibus.h:154
	src/midibus.h:189
	src/midibus.h:190
	src/midibus.h:192
	src/midibus.h:193
	src/midibus.h:196
	src/midibus.h:208
	src/midibus.h:254
	src/midibus.h:255
	src/midibus.h:256
	src/midibus.h:258
	src/midibus.h:271
	src/midibus.h:272
	src/keybindentry.h:46
	src/maintime.cpp:109
	src/perfroll.cpp:328
	src/perfroll.cpp:436
	src/perfroll.cpp:536
	src/perfroll.cpp:577
	src/perfroll.cpp:587
	src/perfroll.cpp:642
	src/perfroll.cpp:649
	src/perfroll.cpp:655
	src/perfroll.cpp:692
	src/perfroll.cpp:698
	src/perfroll.cpp:701
	src/perfroll.cpp:803
	src/perfroll.cpp:811
	src/options.cpp:524
	src/seqkeys.h:65
	src/seqkeys.h:66
	src/seqkeys.h:67
	src/seqkeys.h:68
	src/seqkeys.h:69
	src/seqkeys.h:70
	src/seqkeys.h:71
	src/seqkeys.h:77
	src/seqkeys.h:80
	src/seqkeys.h:86
	src/seqkeys.h:102
	src/perfnames.cpp:181
	src/perfnames.cpp:220
	src/perfnames.cpp:250
	src/perfnames.cpp:267
	src/perfnames.cpp:278
	src/perfnames.cpp:289
	src/perfnames.cpp:320
	src/perfnames.cpp:331
	src/configfile.h:44
	src/configfile.h:54
	src/configfile.h:55
	src/seq24.cpp:66
	src/seq24.cpp:67
	src/seq24.cpp:68
	src/seq24.cpp:69
	src/seq24.cpp:71
	src/seq24.cpp:72
	src/seq24.cpp:77
	src/seq24.cpp:80
	src/seq24.cpp:81
	src/seq24.cpp:82
	src/seq24.cpp:83
	src/perfnames.h:66
	src/perfnames.h:69
	src/perfnames.h:70
	src/perfnames.h:71
	src/perfnames.h:73
	src/mainwid.cpp:272
	src/mainwid.cpp:451
	src/mainwid.cpp:506
	src/mainwid.cpp:522
	src/mainwid.cpp:580
	src/mainwid.cpp:649
	src/mainwid.cpp:656
	src/perfroll.h:95
	src/perfroll.h:100
	src/perfroll.h:101
	src/perfroll.h:102
	src/perfroll.h:105
	src/perfroll.h:106
	src/perfroll.h:107
	src/perfroll.h:108
	src/perfroll.h:109
	src/perfroll.h:111
	src/perfroll.h:112
	src/perfroll.h:117
	src/seqevent.h:56
	src/seqevent.h:57
	src/seqevent.h:58
	src/seqevent.h:59
	src/seqevent.h:60
	src/seqevent.h:61
	src/seqevent.h:67
	src/seqevent.h:68
	src/seqevent.h:69
	src/seqevent.h:70
	src/seqevent.h:71
	src/seqevent.h:110
	src/seqevent.h:111
	src/seqevent.h:112
	src/seqevent.h:113
	src/seqevent.h:114
	src/seqevent.h:115
	src/seqevent.h:130
	src/seqevent.h:132
	src/seqevent.h:133
	src/seqevent.h:134
	src/seqevent.h:135
	src/seqevent.h:136
	src/seqevent.h:137
	src/playlist_wnd.h:99
	src/playlist_wnd.h:154
	src/playlist_wnd.h:156
	src/playlist_wnd.h:157
	src/seqroll.cpp:120
	src/seqroll.cpp:298
	src/seqroll.cpp:556
	src/seqroll.cpp:810
	src/seqroll.cpp:937
	src/seqroll.cpp:940
	src/seqroll.cpp:958
	src/seqroll.cpp:961
	src/seqroll.cpp:978
	src/seqroll.cpp:981
	src/seqroll.cpp:1021
	src/seqroll.cpp:1029
	src/seqroll.cpp:1037
	src/seqroll.cpp:1048
	src/seqroll.cpp:1056
	src/seqroll.cpp:1059
	src/seqroll.cpp:1063
	src/seqroll.cpp:1175
	src/seqroll.cpp:1244
	src/seqroll.cpp:1257
	src/seqroll.cpp:1368
	src/seqroll.cpp:1369
	src/seqroll.cpp:1370
	src/seqroll.cpp:1523
	src/seqroll.cpp:1532
	src/seqroll.cpp:1679
	src/seqroll.cpp:1763
	src/seqroll.cpp:1777
	src/seqroll.cpp:1790
	src/seqroll.cpp:1959
	src/seqroll.cpp:1968
	src/seqroll.cpp:2069
	src/maintime.h:42
	src/seqkeys.cpp:203
	src/seqkeys.cpp:238
	src/seqkeys.cpp:261
	src/seqkeys.cpp:276
	src/seqkeys.cpp:303
	src/seqkeys.cpp:312
	src/seqkeys.cpp:340
	src/seqkeys.cpp:350
	src/seqkeys.cpp:419
	src/sequence.h:60
	src/sequence.h:68
	src/sequence.h:377
	src/sequence.h:381
	src/sequence.h:462
	src/sequence.h:465
	src/midifile.cpp:95
	src/midifile.cpp:111
	src/midifile.cpp:157
	src/midifile.cpp:163
	src/midifile.cpp:171
	src/midifile.cpp:193
	src/midifile.cpp:329
	src/midifile.cpp:349
	src/midifile.cpp:368
	src/midifile.cpp:419
	src/midifile.cpp:426
	src/midifile.cpp:681
	src/seqevent.cpp:45
	src/seqevent.cpp:46
	src/seqevent.cpp:47
	src/seqevent.cpp:48
	src/seqevent.cpp:49
	src/seqevent.cpp:50
	src/seqevent.cpp:68
	src/seqevent.cpp:256
	src/seqevent.cpp:434
	src/seqevent.cpp:449
	src/seqevent.cpp:566
	src/seqevent.cpp:610
	src/seqevent.cpp:629
	src/seqevent.cpp:663
	src/seqevent.cpp:670
	src/seqevent.cpp:676
	src/seqevent.cpp:728
	src/seqevent.cpp:791
	src/seqevent.cpp:1000
	src/seqevent.cpp:1001
	src/seqevent.cpp:1004
	src/seqevent.cpp:1013
	src/seqevent.cpp:1030
	src/seqevent.cpp:1062
	src/seqevent.cpp:1063
	src/seqevent.cpp:1064
	src/seqevent.cpp:1065
	src/seqevent.cpp:1066
	src/seqevent.cpp:1087
	src/seqevent.cpp:1101
	src/seqevent.cpp:1137
	src/seqevent.cpp:1167
	src/seqevent.cpp:1340
	src/seqevent.cpp:1345
	src/seqevent.cpp:1346
	src/seqevent.cpp:1347
	src/seqevent.cpp:1348
	src/seqevent.cpp:1349
	src/seqevent.cpp:1365
	src/perfroll_input.h:41
	src/perfroll_input.h:61
	src/perfroll_input.h:61
	src/playlist_wnd.cpp:55
	src/playlist_wnd.cpp:82
	src/playlist_wnd.cpp:85
	src/playlist_wnd.cpp:86
	src/playlist_wnd.cpp:130
	src/playlist_wnd.cpp:163
	src/playlist_wnd.cpp:173
	src/playlist_wnd.cpp:226
	src/playlist_wnd.cpp:226
	src/playlist_wnd.cpp:227
	src/playlist_wnd.cpp:227
	src/playlist_wnd.cpp:228
	src/playlist_wnd.cpp:228
	src/playlist_wnd.cpp:229
	src/playlist_wnd.cpp:229
	src/playlist_wnd.cpp:232
	src/playlist_wnd.cpp:232
	src/playlist_wnd.cpp:233
	src/playlist_wnd.cpp:233
	src/playlist_wnd.cpp:234
	src/playlist_wnd.cpp:234
	src/playlist_wnd.cpp:236
	src/playlist_wnd.cpp:236
	src/playlist_wnd.cpp:238
	src/playlist_wnd.cpp:238
	src/playlist_wnd.cpp:239
	src/playlist_wnd.cpp:239
	src/playlist_wnd.cpp:241
	src/playlist_wnd.cpp:241
	src/playlist_wnd.cpp:243
	src/playlist_wnd.cpp:243
	src/playlist_wnd.cpp:244
	src/playlist_wnd.cpp:244
	src/playlist_wnd.cpp:246
	src/playlist_wnd.cpp:246
	src/playlist_wnd.cpp:248
	src/playlist_wnd.cpp:248
	src/playlist_wnd.cpp:249
	src/playlist_wnd.cpp:249
	src/playlist_wnd.cpp:252
	src/playlist_wnd.cpp:252
	src/playlist_wnd.cpp:274
	src/playlist_wnd.cpp:303
	src/playlist_wnd.cpp:336
	src/playlist_wnd.cpp:477
	src/event.cpp:29
	src/event.cpp:30
	src/event.cpp:31
	src/event.cpp:32
	src/event.cpp:161
	src/event.cpp:342
	src/event.cpp:354
	src/event.cpp:371
	src/event.cpp:389
	src/seqtime.cpp:52
	src/seqtime.cpp:308
	src/seqtime.cpp:314
	src/mainwnd.cpp:42
	src/mainwnd.cpp:53
	src/mainwnd.cpp:123
	src/mainwnd.cpp:127
	src/mainwnd.cpp:127
	src/mainwnd.cpp:131
	src/mainwnd.cpp:132
	src/mainwnd.cpp:132
	src/mainwnd.cpp:133
	src/mainwnd.cpp:133
	src/mainwnd.cpp:137
	src/mainwnd.cpp:137
	src/mainwnd.cpp:141
	src/mainwnd.cpp:152
	src/mainwnd.cpp:152
	src/mainwnd.cpp:160
	src/mainwnd.cpp:163
	src/mainwnd.cpp:173
	src/mainwnd.cpp:186
	src/mainwnd.cpp:191
	src/mainwnd.cpp:201
	src/mainwnd.cpp:216
	src/mainwnd.cpp:221
	src/mainwnd.cpp:253
	src/mainwnd.cpp:253
	src/mainwnd.cpp:419
	src/mainwnd.cpp:420
	src/mainwnd.cpp:432
	src/mainwnd.cpp:483
	src/mainwnd.cpp:521
	src/mainwnd.cpp:541
	src/mainwnd.cpp:593
	src/mainwnd.cpp:596
	src/mainwnd.cpp:619
	src/mainwnd.cpp:683
	src/mainwnd.cpp:694
	src/mainwnd.cpp:706
	src/mainwnd.cpp:725
	src/mainwnd.cpp:739
	src/mainwnd.cpp:795
	src/mainwnd.cpp:800
	src/mainwnd.cpp:802
	src/mainwnd.cpp:802
	src/mainwnd.cpp:803
	src/mainwnd.cpp:803
	src/mainwnd.cpp:805
	src/mainwnd.cpp:805
	src/mainwnd.cpp:825
	src/mainwnd.cpp:947
	src/mainwnd.cpp:1056
	src/mainwnd.cpp:1058
	src/mainwnd.cpp:1075
	src/mainwnd.cpp:1078
	src/mainwnd.cpp:1124
	src/mainwnd.cpp:1201
	src/mainwnd.cpp:1216
	src/mainwnd.cpp:1222
	src/mainwnd.cpp:1237
	src/mainwnd.cpp:1244
	src/perfroll_input.cpp:146
	src/perfroll_input.cpp:147
	src/perfroll_input.cpp:172
	src/perfroll_input.cpp:213
	src/perfroll_input.cpp:236
	src/perfroll_input.cpp:239
	src/perfroll_input.cpp:242
	src/perfroll_input.cpp:243
	src/perfroll_input.cpp:244
	src/perfroll_input.cpp:302
	src/perfroll_input.cpp:305
	src/perfroll_input.cpp:315
	src/perfroll_input.cpp:331
	src/perfroll_input.cpp:417
	src/perfroll_input.cpp:464
	src/perfroll_input.cpp:469
	src/perfroll_input.cpp:470
	src/perfroll_input.cpp:473
	src/perfroll_input.cpp:474
	src/perfroll_input.cpp:475
	src/perfroll_input.cpp:529
	src/perfroll_input.cpp:532
	src/perfedit.cpp:55
	src/perfedit.cpp:82
	src/perfedit.cpp:85
	src/perfedit.cpp:86
	src/perfedit.cpp:130
	src/perfedit.cpp:163
	src/perfedit.cpp:173
	src/perfedit.cpp:226
	src/perfedit.cpp:226
	src/perfedit.cpp:227
	src/perfedit.cpp:227
	src/perfedit.cpp:228
	src/perfedit.cpp:228
	src/perfedit.cpp:229
	src/perfedit.cpp:229
	src/perfedit.cpp:232
	src/perfedit.cpp:232
	src/perfedit.cpp:233
	src/perfedit.cpp:233
	src/perfedit.cpp:234
	src/perfedit.cpp:234
	src/perfedit.cpp:236
	src/perfedit.cpp:236
	src/perfedit.cpp:238
	src/perfedit.cpp:238
	src/perfedit.cpp:239
	src/perfedit.cpp:239
	src/perfedit.cpp:241
	src/perfedit.cpp:241
	src/perfedit.cpp:243
	src/perfedit.cpp:243
	src/perfedit.cpp:244
	src/perfedit.cpp:244
	src/perfedit.cpp:246
	src/perfedit.cpp:246
	src/perfedit.cpp:248
	src/perfedit.cpp:248
	src/perfedit.cpp:249
	src/perfedit.cpp:249
	src/perfedit.cpp:252
	src/perfedit.cpp:252
	src/perfedit.cpp:274
	src/perfedit.cpp:310
	src/perfedit.cpp:343
	src/perfedit.cpp:484
	src/midibus.cpp:43
	src/midibus.cpp:82
	src/midibus.cpp:108
	src/midibus.cpp:154
	src/midibus.cpp:165
	src/midibus.cpp:189
	src/midibus.cpp:214
	src/midibus.cpp:241
	src/midibus.cpp:264
	src/midibus.cpp:301
	src/midibus.cpp:627
	src/midibus.cpp:857
	src/midibus.cpp:858
	src/midibus.cpp:859
	src/midibus.cpp:860
	src/midibus.cpp:863
	src/midibus.cpp:1025
	src/midibus.cpp:1084
	src/midibus.cpp:1195
	src/midibus.cpp:1333
	src/midibus.cpp:1340
	src/midibus.cpp:1370
	src/midibus.cpp:1379
	src/midibus.cpp:1438
	src/midibus.cpp:1447
	src/midibus.cpp:1462
	src/midibus.cpp:1463
	src/midibus.cpp:1509
	src/midibus.cpp:1520
	src/midibus.cpp:1545
	src/midibus.cpp:1558
	src/userfile.cpp:47
	src/userfile.cpp:318
	src/seqedit.h:255
	src/optionsfile.cpp:49
	src/optionsfile.cpp:279
	src/seqedit.cpp:181
	src/seqedit.cpp:182
	src/seqedit.cpp:183
	src/seqedit.cpp:184
	src/seqedit.cpp:185
	src/seqedit.cpp:186
	src/seqedit.cpp:207
	src/seqedit.cpp:207
	src/seqedit.cpp:208
	src/seqedit.cpp:208
	src/seqedit.cpp:209
	src/seqedit.cpp:209
	src/seqedit.cpp:224
	src/seqedit.cpp:226
	src/seqedit.cpp:226
	src/seqedit.cpp:265
	src/seqedit.cpp:265
	src/seqedit.cpp:266
	src/seqedit.cpp:266
	src/seqedit.cpp:267
	src/seqedit.cpp:267
	src/seqedit.cpp:268
	src/seqedit.cpp:268
	src/seqedit.cpp:269
	src/seqedit.cpp:269
	src/seqedit.cpp:270
	src/seqedit.cpp:270
	src/seqedit.cpp:302
	src/seqedit.cpp:689
	src/seqedit.cpp:689
	src/seqedit.cpp:700
	src/seqedit.cpp:702
	src/seqedit.cpp:702
	src/seqedit.cpp:703
	src/seqedit.cpp:703
	src/seqedit.cpp:705
	src/seqedit.cpp:705
	src/seqedit.cpp:716
	src/seqedit.cpp:718
	src/seqedit.cpp:718
	src/seqedit.cpp:719
	src/seqedit.cpp:719
	src/seqedit.cpp:730
	src/seqedit.cpp:732
	src/seqedit.cpp:732
	src/seqedit.cpp:733
	src/seqedit.cpp:733
	src/seqedit.cpp:736
	src/seqedit.cpp:736
	src/seqedit.cpp:748
	src/seqedit.cpp:750
	src/seqedit.cpp:750
	src/seqedit.cpp:761
	src/seqedit.cpp:763
	src/seqedit.cpp:763
	src/seqedit.cpp:764
	src/seqedit.cpp:764
	src/seqedit.cpp:774
	src/seqedit.cpp:774
	src/seqedit.cpp:783
	src/seqedit.cpp:783
	src/seqedit.cpp:792
	src/seqedit.cpp:792
	src/seqedit.cpp:794
	src/seqedit.cpp:794
	src/seqedit.cpp:803
	src/seqedit.cpp:803
	src/seqedit.cpp:804
	src/seqedit.cpp:804
	src/seqedit.cpp:815
	src/seqedit.cpp:817
	src/seqedit.cpp:817
	src/seqedit.cpp:818
	src/seqedit.cpp:818
	src/seqedit.cpp:829
	src/seqedit.cpp:831
	src/seqedit.cpp:831
	src/seqedit.cpp:832
	src/seqedit.cpp:832
	src/seqedit.cpp:844
	src/seqedit.cpp:846
	src/seqedit.cpp:846
	src/seqedit.cpp:847
	src/seqedit.cpp:847
	src/seqedit.cpp:850
	src/seqedit.cpp:850
	src/seqedit.cpp:861
	src/seqedit.cpp:863
	src/seqedit.cpp:863
	src/seqedit.cpp:864
	src/seqedit.cpp:864
	src/seqedit.cpp:875
	src/seqedit.cpp:877
	src/seqedit.cpp:877
	src/seqedit.cpp:878
	src/seqedit.cpp:878
	src/seqedit.cpp:880
	src/seqedit.cpp:880
	src/seqedit.cpp:890
	src/seqedit.cpp:892
	src/seqedit.cpp:892
	src/seqedit.cpp:901
	src/seqedit.cpp:901
	src/seqedit.cpp:906
	src/seqedit.cpp:906
	src/seqedit.cpp:911
	src/seqedit.cpp:911
	src/seqedit.cpp:1009
	src/seqedit.cpp:1049
	src/seqedit.cpp:1082
	src/seqedit.cpp:1083
	src/seqedit.cpp:1084
	src/seqedit.cpp:1085
	src/seqedit.cpp:1086
	src/seqedit.cpp:1087
	src/seqedit.cpp:1089
	src/seqedit.cpp:1498
	src/seqedit.cpp:1517
	src/seqedit.cpp:1525
	src/seqedit.cpp:1526
	src/seqedit.cpp:1527
	src/seqedit.cpp:1531
	src/seqedit.cpp:1577
	src/globals.h:202
	src/globals.h:202
	src/globals.h:202
	src/globals.h:202
	src/globals.h:202
	src/globals.h:205
	src/globals.h:205
	src/globals.h:205
	src/globals.h:205
	src/globals.h:205
	src/seqdata.cpp:40
	src/seqdata.cpp:56
	src/seqdata.cpp:306
	src/seqdata.cpp:369
	src/seqdata.cpp:458
	src/midibus_portmidi.cpp:31
	src/midibus_portmidi.cpp:89
	src/midibus_portmidi.cpp:104
	src/midibus_portmidi.cpp:334
	src/midibus_portmidi.cpp:484
	src/midibus_portmidi.cpp:485
	src/midibus_portmidi.cpp:486
	src/midibus_portmidi.cpp:487
	src/midibus_portmidi.cpp:490
	src/midibus_portmidi.cpp:558
	src/midibus_portmidi.cpp:662
	src/midibus_portmidi.cpp:756
	src/midibus_portmidi.cpp:777
	src/seqroll.h:59
	src/seqroll.h:59
	src/seqroll.h:72
	src/perform.cpp:44
	src/perform.cpp:47
	src/perform.cpp:51
	src/perform.cpp:52
	src/perform.cpp:56
	src/perform.cpp:57
	src/perform.cpp:70
	src/perform.cpp:70
	src/perform.cpp:148
	src/perform.cpp:177
	src/perform.cpp:178
	src/perform.cpp:180
	src/perform.cpp:181
	src/perform.cpp:218
	src/perform.cpp:243
	src/perform.cpp:248
	src/perform.cpp:266
	src/perform.cpp:267
	src/perform.cpp:313
	src/perform.cpp:368
	src/perform.cpp:369
	src/perform.cpp:431
	src/perform.cpp:432
	src/perform.cpp:433
	src/perform.cpp:550
	src/perform.cpp:561
	src/perform.cpp:581
	src/perform.cpp:608
	src/perform.cpp:617
	src/perform.cpp:625
	src/perform.cpp:634
	src/perform.cpp:642
	src/perform.cpp:651
	src/perform.cpp:659
	src/perform.cpp:668
	src/perform.cpp:676
	src/perform.cpp:722
	src/perform.cpp:727
	src/perform.cpp:1066
	src/perform.cpp:1114
	src/perform.cpp:1117
	src/perform.cpp:1127
	src/perform.cpp:1157
	src/perform.cpp:1329
	src/perform.cpp:1411
	src/perform.cpp:1412
	src/perform.cpp:1522
	src/perform.cpp:1676
	src/perform.cpp:2011
	src/perform.cpp:2021
	src/perform.cpp:2030
	src/perform.cpp:2102
	src/perform.cpp:2117
	src/perform.cpp:2161
	src/perform.cpp:2248
	src/perform.cpp:2255
	src/perform.cpp:2383
	src/perform.cpp:2438
	src/perform.cpp:2518
	src/perform.cpp:2522
	src/perform.cpp:2534
	src/perform.cpp:2536
	src/perform.cpp:2539
	src/perform.cpp:2563
	src/perform.cpp:2565
	src/sequence.cpp:30
	src/sequence.cpp:33
	src/sequence.cpp:34
	src/sequence.cpp:35
	src/sequence.cpp:36
	src/sequence.cpp:37
	src/sequence.cpp:38
	src/sequence.cpp:40
	src/sequence.cpp:47
	src/sequence.cpp:48
	src/sequence.cpp:124
	src/sequence.cpp:262
	src/sequence.cpp:290
	src/sequence.cpp:301
	src/sequence.cpp:309
	src/sequence.cpp:324
	src/sequence.cpp:365
	src/sequence.cpp:412
	src/sequence.cpp:450
	src/sequence.cpp:470
	src/sequence.cpp:548
	src/sequence.cpp:564
	src/sequence.cpp:1113
	src/sequence.cpp:1496
	src/sequence.cpp:1503
	src/sequence.cpp:1520
	src/sequence.cpp:1524
	src/sequence.cpp:1594
	src/sequence.cpp:1731
	src/sequence.cpp:1782
	src/sequence.cpp:1795
	src/sequence.cpp:1809
	src/sequence.cpp:1823
	src/sequence.cpp:1911
	src/sequence.cpp:1978
	src/sequence.cpp:2015
	src/sequence.cpp:2039
	src/sequence.cpp:2258
	src/sequence.cpp:2616
	src/sequence.cpp:2640
	src/sequence.cpp:2664
	src/sequence.cpp:2668
	src/sequence.cpp:2877
	src/sequence.cpp:2913
	src/sequence.cpp:2929
	src/sequence.cpp:2966
	src/sequence.cpp:3044
	src/sequence.cpp:3090
	src/sequence.cpp:3099
	src/sequence.cpp:3241
	src/sequence.cpp:3315
	src/sequence.cpp:3381
	src/sequence.cpp:3433
	src/sequence.cpp:3448
	src/perftime.cpp:50
	src/perftime.cpp:253
	src/maintime.cpp:65
	src/perfroll.cpp:48
	src/perfroll.cpp:49
	src/perfroll.cpp:72
	src/perfroll.cpp:76
	src/perfroll.cpp:385
	src/perfroll.cpp:392
	src/perfroll.cpp:398
	src/perfroll.cpp:577
	src/perfroll.cpp:701
	src/perfroll.cpp:751
	src/perfroll.cpp:807
	src/perfroll.cpp:815
	src/options.cpp:53
	src/options.cpp:53
	src/options.cpp:59
	src/options.cpp:59
	src/options.cpp:93
	src/options.cpp:93
	src/options.cpp:117
	src/options.cpp:117
	src/options.cpp:118
	src/options.cpp:118
	src/options.cpp:119
	src/options.cpp:119
	src/options.cpp:121
	src/options.cpp:121
	src/options.cpp:137
	src/options.cpp:139
	src/options.cpp:139
	src/options.cpp:140
	src/options.cpp:140
	src/options.cpp:142
	src/options.cpp:142
	src/options.cpp:168
	src/options.cpp:168
	src/options.cpp:192
	src/options.cpp:192
	src/options.cpp:199
	src/options.cpp:286
	src/options.cpp:313
	src/options.cpp:333
	src/options.cpp:333
	src/options.cpp:335
	src/options.cpp:335
	src/options.cpp:342
	src/options.cpp:342
	src/options.cpp:418
	src/options.cpp:418
	src/options.cpp:426
	src/options.cpp:426
	src/options.cpp:435
	src/options.cpp:435
	src/options.cpp:468
	src/options.cpp:468
	src/options.cpp:469
	src/options.cpp:469
	src/options.cpp:476
	src/options.cpp:476
	src/options.cpp:482
	src/options.cpp:482
	src/options.cpp:488
	src/options.cpp:488
	src/perfnames.cpp:49
	src/perfnames.cpp:52
	src/perfnames.cpp:286
	src/perfnames.cpp:320
	src/seq24.cpp:66
	src/seq24.cpp:67
	src/seq24.cpp:68
	src/seq24.cpp:69
	src/seq24.cpp:71
	src/seq24.cpp:72
	src/seq24.cpp:77
	src/seq24.cpp:80
	src/seq24.cpp:81
	src/seq24.cpp:82
	src/seq24.cpp:206
	src/seq24.cpp:258
	src/seq24.cpp:309
	src/mainwid.cpp:53
	src/mainwid.cpp:54
	src/mainwid.cpp:71
	src/mainwid.cpp:173
	src/mainwid.cpp:254
	src/mainwid.cpp:528
	src/mainwid.cpp:549
	src/mainwid.cpp:653
	src/mainwid.cpp:660
	src/seqevent.h:52
	src/seqevent.h:53
	src/seqevent.h:54
	src/seqevent.h:66
	src/seqroll.cpp:68
	src/seqroll.cpp:69
	src/seqroll.cpp:70
	src/seqroll.cpp:71
	src/seqroll.cpp:72
	src/seqroll.cpp:73
	src/seqroll.cpp:74
	src/seqroll.cpp:75
	src/seqroll.cpp:76
	src/seqroll.cpp:90
	src/seqroll.cpp:92
	src/seqroll.cpp:115
	src/seqroll.cpp:750
	src/seqroll.cpp:769
	src/seqroll.cpp:795
	src/seqroll.cpp:951
	src/seqroll.cpp:972
	src/seqroll.cpp:992
	src/seqroll.cpp:1025
	src/seqroll.cpp:1032
	src/seqroll.cpp:1033
	src/seqroll.cpp:1044
	src/seqroll.cpp:1053
	src/seqroll.cpp:1059
	src/seqroll.cpp:1065
	src/seqroll.cpp:1066
	src/seqroll.cpp:1073
	src/seqroll.cpp:1150
	src/seqroll.cpp:1184
	src/seqroll.cpp:1257
	src/seqroll.cpp:1278
	src/seqroll.cpp:1368
	src/seqroll.cpp:1369
	src/seqroll.cpp:1370
	src/seqroll.cpp:1532
	src/seqroll.cpp:1573
	src/seqroll.cpp:1576
	src/seqroll.cpp:1577
	src/seqroll.cpp:1580
	src/seqroll.cpp:1591
	src/seqroll.cpp:1609
	src/seqroll.cpp:1650
	src/seqroll.cpp:1654
	src/seqroll.cpp:1655
	src/seqroll.cpp:1656
	src/seqroll.cpp:1657
	src/seqroll.cpp:1658
	src/seqroll.cpp:1659
	src/seqroll.cpp:1688
	src/seqroll.cpp:1705
	src/seqroll.cpp:1754
	src/seqroll.cpp:1773
	src/seqroll.cpp:1790
	src/seqroll.cpp:1810
	src/seqroll.cpp:1968
	src/seqroll.cpp:2044
	src/seqroll.cpp:2048
	src/seqroll.cpp:2049
	src/seqroll.cpp:2050
	src/seqroll.cpp:2051
	src/seqroll.cpp:2052
	src/seqroll.cpp:2053
	src/seqroll.cpp:2078
	src/seqroll.cpp:2108
	src/seqkeys.cpp:33
	src/seqkeys.cpp:34
	src/seqkeys.cpp:59
	src/seqkeys.cpp:268
	src/seqkeys.cpp:298
	src/seqkeys.cpp:307
	src/seqkeys.cpp:317
	src/seqkeys.cpp:321
	src/seqkeys.cpp:330
	src/seqkeys.cpp:345
	src/sequence.h:66
	src/sequence.h:240
	src/sequence.h:299
	src/midifile.cpp:370
	src/midifile.cpp:444
	src/midifile.cpp:557
	src/midifile.cpp:696
	src/seqevent.cpp:121
	src/seqevent.cpp:176
	src/seqevent.cpp:332
	src/seqevent.cpp:341
	src/seqevent.cpp:354
	src/seqevent.cpp:472
	src/seqevent.cpp:506
	src/seqevent.cpp:594
	src/seqevent.cpp:685
	src/seqevent.cpp:697
	src/seqevent.cpp:703
	src/seqevent.cpp:709
	src/seqevent.cpp:715
	src/seqevent.cpp:720
	src/seqevent.cpp:724
	src/seqevent.cpp:814
	src/seqevent.cpp:857
	src/seqevent.cpp:861
	src/seqevent.cpp:872
	src/seqevent.cpp:913
	src/seqevent.cpp:951
	src/seqevent.cpp:962
	src/seqevent.cpp:1076
	src/seqevent.cpp:1088
	src/seqevent.cpp:1102
	src/seqevent.cpp:1122
	src/seqevent.cpp:1132
	src/seqevent.cpp:1188
	src/seqevent.cpp:1223
	src/seqevent.cpp:1235
	src/seqevent.cpp:1278
	src/seqevent.cpp:1286
	src/seqevent.cpp:1357
	src/seqevent.cpp:1366
	src/seqevent.cpp:1388
	src/lash.cpp:90
	src/playlist_wnd.cpp:286
	src/playlist_wnd.cpp:291
	src/playlist_wnd.cpp:295
	src/playlist_wnd.cpp:318
	src/playlist_wnd.cpp:320
	src/playlist_wnd.cpp:352
	src/playlist_wnd.cpp:465
	src/event.cpp:145
	src/event.cpp:323
	src/event.cpp:348
	src/event.cpp:365
	src/event.cpp:383
	src/seqtime.cpp:123
	src/seqtime.cpp:169
	src/seqtime.cpp:255
	src/seqtime.cpp:291
	src/mainwnd.cpp:195
	src/mainwnd.cpp:210
	src/mainwnd.cpp:222
	src/mainwnd.cpp:226
	src/mainwnd.cpp:303
	src/mainwnd.cpp:351
	src/mainwnd.cpp:368
	src/mainwnd.cpp:382
	src/mainwnd.cpp:422
	src/mainwnd.cpp:438
	src/mainwnd.cpp:542
	src/mainwnd.cpp:594
	src/mainwnd.cpp:611
	src/mainwnd.cpp:628
	src/mainwnd.cpp:678
	src/mainwnd.cpp:698
	src/mainwnd.cpp:707
	src/mainwnd.cpp:727
	src/mainwnd.cpp:746
	src/mainwnd.cpp:749
	src/mainwnd.cpp:757
	src/mainwnd.cpp:801
	src/mainwnd.cpp:826
	src/mainwnd.cpp:832
	src/mainwnd.cpp:918
	src/mainwnd.cpp:926
	src/mainwnd.cpp:957
	src/mainwnd.cpp:1057
	src/mainwnd.cpp:1076
	src/mainwnd.cpp:1225
	src/mainwnd.cpp:1261
	src/perfroll_input.cpp:8
	src/perfroll_input.cpp:111
	src/perfroll_input.cpp:136
	src/perfroll_input.cpp:159
	src/perfroll_input.cpp:160
	src/perfroll_input.cpp:171
	src/perfroll_input.cpp:180
	src/perfroll_input.cpp:255
	src/perfroll_input.cpp:296
	src/perfroll_input.cpp:316
	src/perfroll_input.cpp:326
	src/perfroll_input.cpp:361
	src/perfroll_input.cpp:379
	src/perfroll_input.cpp:405
	src/perfroll_input.cpp:406
	src/perfroll_input.cpp:416
	src/perfroll_input.cpp:424
	src/perfroll_input.cpp:440
	src/perfroll_input.cpp:456
	src/perfroll_input.cpp:484
	src/perfroll_input.cpp:523
	src/perfroll_input.cpp:542
	src/perfedit.cpp:286
	src/perfedit.cpp:291
	src/perfedit.cpp:295
	src/perfedit.cpp:325
	src/perfedit.cpp:327
	src/perfedit.cpp:359
	src/perfedit.cpp:472
	src/midibus.cpp:168
	src/midibus.cpp:192
	src/midibus.cpp:244
	src/midibus.cpp:267
	src/midibus.cpp:304
	src/midibus.cpp:631
	src/midibus.cpp:638
	src/midibus.cpp:916
	src/midibus.cpp:917
	src/midibus.cpp:929
	src/midibus.cpp:930
	src/midibus.cpp:971
	src/midibus.cpp:972
	src/midibus.cpp:974
	src/midibus.cpp:994
	src/midibus.cpp:995
	src/midibus.cpp:997
	src/midibus.cpp:1040
	src/midibus.cpp:1062
	src/midibus.cpp:1063
	src/midibus.cpp:1073
	src/midibus.cpp:1074
	src/midibus.cpp:1342
	src/midibus.cpp:1357
	src/midibus.cpp:1358
	src/midibus.cpp:1381
	src/midibus.cpp:1398
	src/midibus.cpp:1399
	src/midibus.cpp:1479
	src/midibus.cpp:1488
	src/midibus.cpp:1497
	src/midibus.cpp:1566
	src/userfile.cpp:103
	src/userfile.cpp:311
	src/optionsfile.cpp:266
	src/optionsfile.cpp:525
	src/seqedit.cpp:116
	src/seqedit.cpp:212
	src/seqedit.cpp:212
	src/seqedit.cpp:227
	src/seqedit.cpp:227
	src/seqedit.cpp:283
	src/seqedit.cpp:625
	src/seqedit.cpp:626
	src/seqedit.cpp:630
	src/seqedit.cpp:636
	src/seqedit.cpp:646
	src/seqedit.cpp:688
	src/seqedit.cpp:688
	src/seqedit.cpp:751
	src/seqedit.cpp:751
	src/seqedit.cpp:893
	src/seqedit.cpp:893
	src/seqedit.cpp:899
	src/seqedit.cpp:1020
	src/seqedit.cpp:1058
	src/seqedit.cpp:1096
	src/seqedit.cpp:1100
	src/seqedit.cpp:1103
	src/seqedit.cpp:1106
	src/seqedit.cpp:1109
	src/seqedit.cpp:1112
	src/seqedit.cpp:1116
	src/seqedit.cpp:1119
	src/seqedit.cpp:1385
	src/seqedit.cpp:1424
	src/seqedit.cpp:1511
	src/seqedit.cpp:1555
	src/seqedit.cpp:1574
	src/globals.h:199
	src/globals.h:199
	src/globals.h:199
	src/globals.h:199
	src/globals.h:199
	src/globals.h:199
	src/globals.h:199
	src/globals.h:199
	src/globals.h:199
	src/globals.h:199
	src/globals.h:199
	src/globals.h:199
	src/globals.h:202
	src/globals.h:202
	src/globals.h:202
	src/globals.h:202
	src/globals.h:202
	src/globals.h:202
	src/globals.h:202
	src/globals.h:205
	src/globals.h:205
	src/globals.h:205
	src/globals.h:205
	src/globals.h:205
	src/globals.h:205
	src/globals.h:205
	src/seqdata.cpp:113
	src/seqdata.cpp:194
	src/seqdata.cpp:207
	src/seqdata.cpp:273
	src/seqdata.cpp:287
	src/seqdata.cpp:318
	src/seqdata.cpp:338
	src/seqdata.cpp:341
	src/seqdata.cpp:374
	src/seqdata.cpp:451
	src/seqdata.cpp:461
	src/midibus_portmidi.cpp:92
	src/midibus_portmidi.cpp:107
	src/midibus_portmidi.cpp:339
	src/midibus_portmidi.cpp:346
	src/midibus_portmidi.cpp:520
	src/midibus_portmidi.cpp:521
	src/midibus_portmidi.cpp:539
	src/midibus_portmidi.cpp:540
	src/midibus_portmidi.cpp:771
	src/midibus_portmidi.cpp:793
	src/seqroll.h:59
	src/perform.cpp:50
	src/perform.cpp:53
	src/perform.cpp:54
	src/perform.cpp:79
	src/perform.cpp:198
	src/perform.cpp:199
	src/perform.cpp:239
	src/perform.cpp:308
	src/perform.cpp:359
	src/perform.cpp:361
	src/perform.cpp:423
	src/perform.cpp:554
	src/perform.cpp:564
	src/perform.cpp:581
	src/perform.cpp:597
	src/perform.cpp:598
	src/perform.cpp:599
	src/perform.cpp:600
	src/perform.cpp:745
	src/perform.cpp:874
	src/perform.cpp:881
	src/perform.cpp:883
	src/perform.cpp:901
	src/perform.cpp:911
	src/perform.cpp:926
	src/perform.cpp:939
	src/perform.cpp:951
	src/perform.cpp:968
	src/perform.cpp:1104
	src/perform.cpp:1178
	src/perform.cpp:1197
	src/perform.cpp:1207
	src/perform.cpp:1414
	src/perform.cpp:1512
	src/perform.cpp:1534
	src/perform.cpp:1549
	src/perform.cpp:1575
	src/perform.cpp:1665
	src/perform.cpp:2012
	src/perform.cpp:2013
	src/perform.cpp:2020
	src/perform.cpp:2022
	src/perform.cpp:2095
	src/perform.cpp:2124
	src/perform.cpp:2156
	src/perform.cpp:2170
	src/perform.cpp:2200
	src/perform.cpp:2222
	src/perform.cpp:2226
	src/perform.cpp:2233
	src/perform.cpp:2244
	src/perform.cpp:2519
	src/perform.cpp:2568
	src/sequence.cpp:42
	src/sequence.cpp:43
	src/sequence.cpp:44
	src/sequence.cpp:45
	src/sequence.cpp:318
	src/sequence.cpp:351
	src/sequence.cpp:357
	src/sequence.cpp:485
	src/sequence.cpp:503
	src/sequence.cpp:576
	src/sequence.cpp:596
	src/sequence.cpp:1498
	src/sequence.cpp:1509
	src/sequence.cpp:1515
	src/sequence.cpp:1614
	src/sequence.cpp:1751
	src/sequence.cpp:1764
	src/sequence.cpp:1772
	src/sequence.cpp:1972
	src/sequence.cpp:2006
	src/sequence.cpp:2032
	src/sequence.cpp:2246
	src/sequence.cpp:2623
	src/sequence.cpp:2648
	src/sequence.cpp:2649
	src/sequence.cpp:2716
	src/sequence.cpp:2875
	src/sequence.cpp:2907
	src/sequence.cpp:2927
	src/sequence.cpp:3060
	src/sequence.cpp:3085
	src/sequence.cpp:3250
	src/sequence.cpp:3321
	src/sequence.cpp:3327
	src/sequence.cpp:3383
	src/sequence.cpp:3439
	src/sequence.cpp:3445
	src/sequence.cpp:3515
	src/perftime.cpp:104
	src/perftime.cpp:129
	src/perftime.cpp:192
	src/perftime.cpp:207
	src/perftime.cpp:220
	src/perftime.cpp:247
	src/maintime.cpp:80
	src/maintime.cpp:90
	src/maintime.cpp:96
	src/maintime.cpp:102
	src/maintime.cpp:114
	src/perfroll.cpp:208
	src/perfroll.cpp:340
	src/perfroll.cpp:378
	src/perfroll.cpp:417
	src/perfroll.cpp:504
	src/perfroll.cpp:570
	src/perfroll.cpp:593
	src/perfroll.cpp:628
	src/perfroll.cpp:630
	src/perfroll.cpp:687
	src/perfroll.cpp:714
	src/perfroll.cpp:724
	src/perfroll.cpp:730
	src/perfroll.cpp:738
	src/perfroll.cpp:744
	src/perfroll.cpp:748
	src/options.cpp:45
	src/options.cpp:45
	src/options.cpp:83
	src/options.cpp:158
	src/options.cpp:180
	src/options.cpp:187
	src/options.cpp:353
	src/options.cpp:365
	src/options.cpp:369
	src/options.cpp:402
	src/options.cpp:413
	src/options.cpp:420
	src/options.cpp:428
	src/options.cpp:448
	src/options.cpp:453
	src/options.cpp:460
	src/options.cpp:462
	src/options.cpp:478
	src/options.cpp:484
	src/perfnames.cpp:112
	src/perfnames.cpp:134
	src/perfnames.cpp:147
	src/perfnames.cpp:155
	src/perfnames.cpp:208
	src/perfnames.cpp:232
	src/perfnames.cpp:274
	src/perfnames.cpp:302
	src/perfnames.cpp:336
	src/seq24.cpp:77
	src/seq24.cpp:83
	src/seq24.cpp:128
	src/seq24.cpp:170
	src/seq24.cpp:174
	src/seq24.cpp:178
	src/seq24.cpp:182
	src/seq24.cpp:186
	src/seq24.cpp:190
	src/seq24.cpp:194
	src/seq24.cpp:198
	src/seq24.cpp:203
	src/seq24.cpp:211
	src/seq24.cpp:216
	src/seq24.cpp:234
	src/seq24.cpp:321
	src/mainwid.cpp:122
	src/mainwid.cpp:132
	src/mainwid.cpp:155
	src/mainwid.cpp:167
	src/mainwid.cpp:179
	src/mainwid.cpp:241
	src/mainwid.cpp:309
	src/mainwid.cpp:314
	src/mainwid.cpp:462
	src/mainwid.cpp:515
	src/mainwid.cpp:518
	src/mainwid.cpp:577
	src/mainwid.cpp:593
	src/mainwid.cpp:603
	src/seqroll.cpp:322
	src/seqroll.cpp:373
	src/seqroll.cpp:640
	src/seqroll.cpp:646
	src/seqroll.cpp:663
	src/seqroll.cpp:669
	src/seqroll.cpp:674
	src/seqroll.cpp:704
	src/seqroll.cpp:823
	src/seqroll.cpp:919
	src/seqroll.cpp:1024
	src/seqroll.cpp:1068
	src/seqroll.cpp:1083
	src/seqroll.cpp:1089
	src/seqroll.cpp:1093
	src/seqroll.cpp:1097
	src/seqroll.cpp:1111
	src/seqroll.cpp:1117
	src/seqroll.cpp:1124
	src/seqroll.cpp:1131
	src/seqroll.cpp:1138
	src/seqroll.cpp:1144
	src/seqroll.cpp:1147
	src/seqroll.cpp:1193
	src/seqroll.cpp:1197
	src/seqroll.cpp:1282
	src/seqroll.cpp:1303
	src/seqroll.cpp:1304
	src/seqroll.cpp:1318
	src/seqroll.cpp:1320
	src/seqroll.cpp:1353
	src/seqroll.cpp:1357
	src/seqroll.cpp:1359
	src/seqroll.cpp:1381
	src/seqroll.cpp:1382
	src/seqroll.cpp:1386
	src/seqroll.cpp:1390
	src/seqroll.cpp:1399
	src/seqroll.cpp:1400
	src/seqroll.cpp:1430
	src/seqroll.cpp:1440
	src/seqroll.cpp:1492
	src/seqroll.cpp:1495
	src/seqroll.cpp:1504
	src/seqroll.cpp:1506
	src/seqroll.cpp:1520
	src/seqroll.cpp:1562
	src/seqroll.cpp:1584
	src/seqroll.cpp:1606
	src/seqroll.cpp:1625
	src/seqroll.cpp:1645
	src/seqroll.cpp:1676
	src/seqroll.cpp:1689
	src/seqroll.cpp:1706
	src/seqroll.cpp:1723
	src/seqroll.cpp:1732
	src/seqroll.cpp:1733
	src/seqroll.cpp:1768
	src/seqroll.cpp:1814
	src/seqroll.cpp:1832
	src/seqroll.cpp:1847
	src/seqroll.cpp:1849
	src/seqroll.cpp:1875
	src/seqroll.cpp:1879
	src/seqroll.cpp:1891
	src/seqroll.cpp:1892
	src/seqroll.cpp:1925
	src/seqroll.cpp:1944
	src/seqroll.cpp:1956
	src/seqroll.cpp:2000
	src/seqroll.cpp:2017
	src/seqroll.cpp:2039
	src/seqroll.cpp:2066
	src/seqroll.cpp:2079
	src/seqroll.cpp:2095
	src/seqroll.cpp:2104
	src/seqroll.cpp:2105
	src/seqkeys.cpp:120
	src/seqkeys.cpp:127
	src/seqkeys.cpp:137
	src/seqkeys.cpp:153
	src/seqkeys.cpp:214
	src/seqkeys.cpp:249
	src/seqkeys.cpp:257
	src/seqkeys.cpp:272
	src/seqkeys.cpp:306
	src/seqkeys.cpp:323
	src/seqkeys.cpp:335
	src/seqkeys.cpp:370
	src/seqkeys.cpp:380
	src/seqkeys.cpp:429
	src/seqkeys.cpp:433
	src/seqmenu.cpp:152
autoscan: warning: missing AC_C_INLINE wanted by: 
	src/midibus.cpp:378
	src/midibus_portmidi.cpp:163
	src/seqroll.cpp:28
autoscan: warning: missing AC_FUNC_MALLOC wanted by: 
	src/perform.cpp:2490
	src/perform.cpp:2506
	src/perform.cpp:2510
autoscan: warning: missing AC_TYPE_INT32_T wanted by: 
	src/perform.cpp:1034
	src/perform.cpp:1036
	src/perform.cpp:1037
autoscan: warning: missing AC_TYPE_SIZE_T wanted by: 
	src/lash.cpp:123
	src/optionsfile.cpp:436
	src/optionsfile.cpp:437
	src/optionsfile.cpp:448
	src/optionsfile.cpp:449
	src/perform.cpp:360
	src/perform.cpp:367
