This file contains any messages produced by compilers while
running configure, to aid debugging if configure makes a mistake.

It was created by seq24 configure 0.9.2, which was
generated by GNU Autoconf 2.69.  Invocation command line was

  $ ./configure CPPFLAGS=-DDEBUG CXXFLAGS=-g -O0

## --------- ##
## Platform. ##
## --------- ##

hostname = sjh-evotop
uname -m = x86_64
uname -r = 3.13.0-43-generic
uname -s = Linux
uname -v = #72-Ubuntu SMP Mon Dec 8 19:35:06 UTC 2014

/usr/bin/uname -p = unknown
/bin/uname -X     = unknown

/bin/arch              = unknown
/usr/bin/arch -k       = unknown
/usr/convex/getsysinfo = unknown
/usr/bin/hostinfo      = unknown
/bin/machine           = unknown
/usr/bin/oslevel       = unknown
/bin/universe          = unknown

PATH: /home/sjh/bin
PATH: /usr/local/sbin
PATH: /usr/local/bin
PATH: /usr/sbin
PATH: /usr/bin
PATH: /sbin
PATH: /bin
PATH: /usr/games
PATH: /usr/local/games
PATH: /home/sjh/bin
PATH: /usr/local/java/jdk1.8.0_25/bin


## ----------- ##
## Core tests. ##
## ----------- ##

configure:2216: checking for a BSD-compatible install
configure:2284: result: /usr/bin/install -c
configure:2295: checking whether build environment is sane
configure:2345: result: yes
configure:2486: checking for a thread-safe mkdir -p
configure:2525: result: /bin/mkdir -p
configure:2538: checking for gawk
configure:2568: result: no
configure:2538: checking for mawk
configure:2554: found /usr/bin/mawk
configure:2565: result: mawk
configure:2576: checking whether make sets $(MAKE)
configure:2598: result: yes
configure:2688: checking for gawk
configure:2715: result: mawk
configure:2774: checking for gcc
configure:2790: found /usr/bin/gcc
configure:2801: result: gcc
configure:3030: checking for C compiler version
configure:3039: gcc --version >&5
gcc (Ubuntu 4.8.4-2ubuntu1~14.04) 4.8.4
Copyright (C) 2013 Free Software Foundation, Inc.
This is free software; see the source for copying conditions.  There is NO
warranty; not even for MERCHANTABILITY or FITNESS FOR A PARTICULAR PURPOSE.

configure:3050: $? = 0
configure:3039: gcc -v >&5
Using built-in specs.
COLLECT_GCC=gcc
COLLECT_LTO_WRAPPER=/usr/lib/gcc/x86_64-linux-gnu/4.8/lto-wrapper
Target: x86_64-linux-gnu
Configured with: ../src/configure -v --with-pkgversion='Ubuntu 4.8.4-2ubuntu1~14.04' --with-bugurl=file:///usr/share/doc/gcc-4.8/README.Bugs --enable-languages=c,c++,java,go,d,fortran,objc,obj-c++ --prefix=/usr --program-suffix=-4.8 --enable-shared --enable-linker-build-id --libexecdir=/usr/lib --without-included-gettext --enable-threads=posix --with-gxx-include-dir=/usr/include/c++/4.8 --libdir=/usr/lib --enable-nls --with-sysroot=/ --enable-clocale=gnu --enable-libstdcxx-debug --enable-libstdcxx-time=yes --enable-gnu-unique-object --disable-libmudflap --enable-plugin --with-system-zlib --disable-browser-plugin --enable-java-awt=gtk --enable-gtk-cairo --with-java-home=/usr/lib/jvm/java-1.5.0-gcj-4.8-amd64/jre --enable-java-home --with-jvm-root-dir=/usr/lib/jvm/java-1.5.0-gcj-4.8-amd64 --with-jvm-jar-dir=/usr/lib/jvm-exports/java-1.5.0-gcj-4.8-amd64 --with-arch-directory=amd64 --with-ecj-jar=/usr/share/java/eclipse-ecj.jar --enable-objc-gc --enable-multiarch --disable-werror --with-arch-32=i686 --with-abi=m64 --with-multilib-list=m32,m64,mx32 --with-tune=generic --enable-checking=release --build=x86_64-linux-gnu --host=x86_64-linux-gnu --target=x86_64-linux-gnu
Thread model: posix
gcc version 4.8.4 (Ubuntu 4.8.4-2ubuntu1~14.04) 
configure:3050: $? = 0
configure:3039: gcc -V >&5
gcc: error: unrecognized command line option '-V'
gcc: fatal error: no input files
compilation terminated.
configure:3050: $? = 4
configure:3039: gcc -qversion >&5
gcc: error: unrecognized command line option '-qversion'
gcc: fatal error: no input files
compilation terminated.
configure:3050: $? = 4
configure:3070: checking whether the C compiler works
configure:3092: gcc  -DDEBUG  conftest.c  >&5
configure:3096: $? = 0
configure:3144: result: yes
configure:3147: checking for C compiler default output file name
configure:3149: result: a.out
configure:3155: checking for suffix of executables
configure:3162: gcc -o conftest  -DDEBUG  conftest.c  >&5
configure:3166: $? = 0
configure:3188: result: 
configure:3210: checking whether we are cross compiling
configure:3218: gcc -o conftest  -DDEBUG  conftest.c  >&5
configure:3222: $? = 0
configure:3229: ./conftest
configure:3233: $? = 0
configure:3248: result: no
configure:3253: checking for suffix of object files
configure:3275: gcc -c  -DDEBUG conftest.c >&5
configure:3279: $? = 0
configure:3300: result: o
configure:3304: checking whether we are using the GNU C compiler
configure:3323: gcc -c  -DDEBUG conftest.c >&5
configure:3323: $? = 0
configure:3332: result: yes
configure:3341: checking whether gcc accepts -g
configure:3361: gcc -c -g -DDEBUG conftest.c >&5
configure:3361: $? = 0
configure:3402: result: yes
configure:3419: checking for gcc option to accept ISO C89
configure:3482: gcc  -c -g -O2 -DDEBUG conftest.c >&5
configure:3482: $? = 0
configure:3495: result: none needed
configure:3526: checking for style of include used by make
configure:3554: result: GNU
configure:3579: checking dependency style of gcc
configure:3689: result: gcc3
configure:3762: checking for g++
configure:3778: found /usr/bin/g++
configure:3789: result: g++
configure:3816: checking for C++ compiler version
configure:3825: g++ --version >&5
g++ (Ubuntu 4.8.4-2ubuntu1~14.04) 4.8.4
Copyright (C) 2013 Free Software Foundation, Inc.
This is free software; see the source for copying conditions.  There is NO
warranty; not even for MERCHANTABILITY or FITNESS FOR A PARTICULAR PURPOSE.

configure:3836: $? = 0
configure:3825: g++ -v >&5
Using built-in specs.
COLLECT_GCC=g++
COLLECT_LTO_WRAPPER=/usr/lib/gcc/x86_64-linux-gnu/4.8/lto-wrapper
Target: x86_64-linux-gnu
Configured with: ../src/configure -v --with-pkgversion='Ubuntu 4.8.4-2ubuntu1~14.04' --with-bugurl=file:///usr/share/doc/gcc-4.8/README.Bugs --enable-languages=c,c++,java,go,d,fortran,objc,obj-c++ --prefix=/usr --program-suffix=-4.8 --enable-shared --enable-linker-build-id --libexecdir=/usr/lib --without-included-gettext --enable-threads=posix --with-gxx-include-dir=/usr/include/c++/4.8 --libdir=/usr/lib --enable-nls --with-sysroot=/ --enable-clocale=gnu --enable-libstdcxx-debug --enable-libstdcxx-time=yes --enable-gnu-unique-object --disable-libmudflap --enable-plugin --with-system-zlib --disable-browser-plugin --enable-java-awt=gtk --enable-gtk-cairo --with-java-home=/usr/lib/jvm/java-1.5.0-gcj-4.8-amd64/jre --enable-java-home --with-jvm-root-dir=/usr/lib/jvm/java-1.5.0-gcj-4.8-amd64 --with-jvm-jar-dir=/usr/lib/jvm-exports/java-1.5.0-gcj-4.8-amd64 --with-arch-directory=amd64 --with-ecj-jar=/usr/share/java/eclipse-ecj.jar --enable-objc-gc --enable-multiarch --disable-werror --with-arch-32=i686 --with-abi=m64 --with-multilib-list=m32,m64,mx32 --with-tune=generic --enable-checking=release --build=x86_64-linux-gnu --host=x86_64-linux-gnu --target=x86_64-linux-gnu
Thread model: posix
gcc version 4.8.4 (Ubuntu 4.8.4-2ubuntu1~14.04) 
configure:3836: $? = 0
configure:3825: g++ -V >&5
g++: error: unrecognized command line option '-V'
g++: fatal error: no input files
compilation terminated.
configure:3836: $? = 4
configure:3825: g++ -qversion >&5
g++: error: unrecognized command line option '-qversion'
g++: fatal error: no input files
compilation terminated.
configure:3836: $? = 4
configure:3840: checking whether we are using the GNU C++ compiler
configure:3859: g++ -c -g -O0 -DDEBUG conftest.cpp >&5
configure:3859: $? = 0
configure:3868: result: yes
configure:3877: checking whether g++ accepts -g
configure:3897: g++ -c -g -DDEBUG conftest.cpp >&5
configure:3897: $? = 0
configure:3938: result: yes
configure:3963: checking dependency style of g++
configure:4073: result: gcc3
configure:4089: checking whether ln -s works
configure:4093: result: yes
configure:4102: checking if --as-needed works
configure:4134: gcc -o conftest -g -O2 -DDEBUG -Wl,--as-needed conftest.c  >&5
configure:4134: $? = 0
configure:4144: result: yes
configure:4153: checking for main in -lrt
configure:4172: gcc -o conftest -g -O2 -DDEBUG  -Wl,--as-needed conftest.c -lrt   >&5
configure:4172: $? = 0
configure:4181: result: yes
configure:4195: checking for _init in -lgtkmm-2.4
configure:4220: gcc -o conftest -g -O2 -DDEBUG  -Wl,--as-needed conftest.c -lgtkmm-2.4  -lrt  >&5
configure:4220: $? = 0
configure:4229: result: yes
configure:4243: checking for main in -lsigc-2.0
configure:4262: gcc -o conftest -g -O2 -DDEBUG  -Wl,--as-needed conftest.c -lsigc-2.0  -lgtkmm-2.4 -lrt  >&5
configure:4262: $? = 0
configure:4271: result: yes
configure:4292: checking how to run the C preprocessor
configure:4323: gcc -E -DDEBUG conftest.c
configure:4323: $? = 0
configure:4337: gcc -E -DDEBUG conftest.c
conftest.c:15:28: fatal error: ac_nonexistent.h: No such file or directory
 #include <ac_nonexistent.h>
                            ^
compilation terminated.
configure:4337: $? = 1
configure: failed program was:
| /* confdefs.h */
| #define PACKAGE_NAME "seq24"
| #define PACKAGE_TARNAME "seq24"
| #define PACKAGE_VERSION "0.9.2"
| #define PACKAGE_STRING "seq24 0.9.2"
| #define PACKAGE_BUGREPORT "seq24-devel@lists.sourceforge.net"
| #define PACKAGE_URL ""
| #define PACKAGE "seq24"
| #define VERSION "0.9.2"
| #define _GNU_SOURCE 1
| #define HAVE_LIBRT 1
| #define HAVE_LIBGTKMM_2_4 1
| #define HAVE_LIBSIGC_2_0 1
| /* end confdefs.h.  */
| #include <ac_nonexistent.h>
configure:4362: result: gcc -E
configure:4382: gcc -E -DDEBUG conftest.c
configure:4382: $? = 0
configure:4396: gcc -E -DDEBUG conftest.c
conftest.c:15:28: fatal error: ac_nonexistent.h: No such file or directory
 #include <ac_nonexistent.h>
                            ^
compilation terminated.
configure:4396: $? = 1
configure: failed program was:
| /* confdefs.h */
| #define PACKAGE_NAME "seq24"
| #define PACKAGE_TARNAME "seq24"
| #define PACKAGE_VERSION "0.9.2"
| #define PACKAGE_STRING "seq24 0.9.2"
| #define PACKAGE_BUGREPORT "seq24-devel@lists.sourceforge.net"
| #define PACKAGE_URL ""
| #define PACKAGE "seq24"
| #define VERSION "0.9.2"
| #define _GNU_SOURCE 1
| #define HAVE_LIBRT 1
| #define HAVE_LIBGTKMM_2_4 1
| #define HAVE_LIBSIGC_2_0 1
| /* end confdefs.h.  */
| #include <ac_nonexistent.h>
configure:4425: checking for grep that handles long lines and -e
configure:4483: result: /bin/grep
configure:4488: checking for egrep
configure:4550: result: /bin/grep -E
configure:4555: checking for ANSI C header files
configure:4575: gcc -c -g -O2 -DDEBUG conftest.c >&5
configure:4575: $? = 0
configure:4648: gcc -o conftest -g -O2 -DDEBUG  -Wl,--as-needed conftest.c -lsigc-2.0 -lgtkmm-2.4 -lrt  >&5
configure:4648: $? = 0
configure:4648: ./conftest
configure:4648: $? = 0
configure:4659: result: yes
configure:4672: checking for sys/types.h
configure:4672: gcc -c -g -O2 -DDEBUG conftest.c >&5
configure:4672: $? = 0
configure:4672: result: yes
configure:4672: checking for sys/stat.h
configure:4672: gcc -c -g -O2 -DDEBUG conftest.c >&5
configure:4672: $? = 0
configure:4672: result: yes
configure:4672: checking for stdlib.h
configure:4672: gcc -c -g -O2 -DDEBUG conftest.c >&5
configure:4672: $? = 0
configure:4672: result: yes
configure:4672: checking for string.h
configure:4672: gcc -c -g -O2 -DDEBUG conftest.c >&5
configure:4672: $? = 0
configure:4672: result: yes
configure:4672: checking for memory.h
configure:4672: gcc -c -g -O2 -DDEBUG conftest.c >&5
configure:4672: $? = 0
configure:4672: result: yes
configure:4672: checking for strings.h
configure:4672: gcc -c -g -O2 -DDEBUG conftest.c >&5
configure:4672: $? = 0
configure:4672: result: yes
configure:4672: checking for inttypes.h
configure:4672: gcc -c -g -O2 -DDEBUG conftest.c >&5
configure:4672: $? = 0
configure:4672: result: yes
configure:4672: checking for stdint.h
configure:4672: gcc -c -g -O2 -DDEBUG conftest.c >&5
configure:4672: $? = 0
configure:4672: result: yes
configure:4672: checking for unistd.h
configure:4672: gcc -c -g -O2 -DDEBUG conftest.c >&5
configure:4672: $? = 0
configure:4672: result: yes
configure:4686: checking getopt.h usability
configure:4686: gcc -c -g -O2 -DDEBUG conftest.c >&5
configure:4686: $? = 0
configure:4686: result: yes
configure:4686: checking getopt.h presence
configure:4686: gcc -E -DDEBUG conftest.c
configure:4686: $? = 0
configure:4686: result: yes
configure:4686: checking for getopt.h
configure:4686: result: yes
configure:4697: checking for an ANSI C-conforming const
configure:4763: gcc -c -g -O2 -DDEBUG conftest.c >&5
configure:4763: $? = 0
configure:4770: result: yes
configure:4811: checking for ALSA CFLAGS
configure:4817: result: 
configure:4820: checking for ALSA LDFLAGS
configure:4829: result:  -lasound -lm -ldl -lpthread
configure:4833: checking for libasound headers version >= 0.9.0
configure:4895: gcc -c -g -O2 -DDEBUG conftest.c >&5
configure:4895: $? = 0
configure:4896: result: found.
configure:4914: checking for snd_ctl_open in -lasound
configure:4939: gcc -o conftest -g -O2 -DDEBUG  -Wl,--as-needed conftest.c -lasound   -lasound -lm -ldl -lpthread -lsigc-2.0 -lgtkmm-2.4 -lrt  >&5
configure:4939: $? = 0
configure:4948: result: yes
configure:5037: checking for pkg-config
configure:5055: found /usr/bin/pkg-config
configure:5067: result: /usr/bin/pkg-config
configure:5092: checking pkg-config is at least version 0.9.0
configure:5095: result: yes
configure:5105: checking for GTKMM
configure:5112: $PKG_CONFIG --exists --print-errors "gtkmm-2.4 >= 2.4.0"
configure:5115: $? = 0
configure:5128: $PKG_CONFIG --exists --print-errors "gtkmm-2.4 >= 2.4.0"
configure:5131: $? = 0
configure:5188: result: yes
configure:5215: checking for JACK
configure:5222: $PKG_CONFIG --exists --print-errors "jack >= 0.90.0"
configure:5225: $? = 0
configure:5238: $PKG_CONFIG --exists --print-errors "jack >= 0.90.0"
configure:5241: $? = 0
configure:5278: result: yes
configure:5290: checking jack/session.h usability
configure:5290: gcc -c -g -O2 -DDEBUG conftest.c >&5
configure:5290: $? = 0
configure:5290: result: yes
configure:5290: checking jack/session.h presence
configure:5290: gcc -E -DDEBUG conftest.c
configure:5290: $? = 0
configure:5290: result: yes
configure:5290: checking for jack/session.h
configure:5290: result: yes
configure:5326: checking for LASH
configure:5333: $PKG_CONFIG --exists --print-errors "lash-1.0 >= 0.5.0"
Package lash-1.0 was not found in the pkg-config search path.
Perhaps you should add the directory containing `lash-1.0.pc'
to the PKG_CONFIG_PATH environment variable
No package 'lash-1.0' found
configure:5336: $? = 1
configure:5349: $PKG_CONFIG --exists --print-errors "lash-1.0 >= 0.5.0"
Package lash-1.0 was not found in the pkg-config search path.
Perhaps you should add the directory containing `lash-1.0.pc'
to the PKG_CONFIG_PATH environment variable
No package 'lash-1.0' found
configure:5352: $? = 1
configure:5365: result: no
No package 'lash-1.0' found
configure:5400: WARNING: *** LASH not found, session support will not be built.
configure:5545: creating ./config.status

## ---------------------- ##
## Running config.status. ##
## ---------------------- ##

This file was extended by seq24 config.status 0.9.2, which was
generated by GNU Autoconf 2.69.  Invocation command line was

  CONFIG_FILES    = 
  CONFIG_HEADERS  = 
  CONFIG_LINKS    = 
  CONFIG_COMMANDS = 
  $ ./config.status 

on sjh-evotop

config.status:883: creating Makefile
config.status:883: creating man/Makefile
config.status:883: creating src/Makefile
config.status:883: creating src/pixmaps/Makefile
config.status:883: creating src/config.h
config.status:1112: executing depfiles commands

## ---------------- ##
## Cache variables. ##
## ---------------- ##

ac_cv_c_compiler_gnu=yes
ac_cv_c_const=yes
ac_cv_cxx_compiler_gnu=yes
ac_cv_env_CCC_set=
ac_cv_env_CCC_value=
ac_cv_env_CC_set=
ac_cv_env_CC_value=
ac_cv_env_CFLAGS_set=
ac_cv_env_CFLAGS_value=
ac_cv_env_CPPFLAGS_set=set
ac_cv_env_CPPFLAGS_value=-DDEBUG
ac_cv_env_CPP_set=
ac_cv_env_CPP_value=
ac_cv_env_CXXFLAGS_set=set
ac_cv_env_CXXFLAGS_value='-g -O0'
ac_cv_env_CXX_set=
ac_cv_env_CXX_value=
ac_cv_env_GTKMM_CFLAGS_set=
ac_cv_env_GTKMM_CFLAGS_value=
ac_cv_env_GTKMM_LIBS_set=
ac_cv_env_GTKMM_LIBS_value=
ac_cv_env_JACK_CFLAGS_set=
ac_cv_env_JACK_CFLAGS_value=
ac_cv_env_JACK_LIBS_set=
ac_cv_env_JACK_LIBS_value=
ac_cv_env_LASH_CFLAGS_set=
ac_cv_env_LASH_CFLAGS_value=
ac_cv_env_LASH_LIBS_set=
ac_cv_env_LASH_LIBS_value=
ac_cv_env_LDFLAGS_set=
ac_cv_env_LDFLAGS_value=
ac_cv_env_LIBS_set=
ac_cv_env_LIBS_value=
ac_cv_env_PKG_CONFIG_LIBDIR_set=
ac_cv_env_PKG_CONFIG_LIBDIR_value=
ac_cv_env_PKG_CONFIG_PATH_set=
ac_cv_env_PKG_CONFIG_PATH_value=
ac_cv_env_PKG_CONFIG_set=
ac_cv_env_PKG_CONFIG_value=
ac_cv_env_build_alias_set=
ac_cv_env_build_alias_value=
ac_cv_env_host_alias_set=
ac_cv_env_host_alias_value=
ac_cv_env_target_alias_set=
ac_cv_env_target_alias_value=
ac_cv_header_getopt_h=yes
ac_cv_header_inttypes_h=yes
ac_cv_header_jack_session_h=yes
ac_cv_header_memory_h=yes
ac_cv_header_stdc=yes
ac_cv_header_stdint_h=yes
ac_cv_header_stdlib_h=yes
ac_cv_header_string_h=yes
ac_cv_header_strings_h=yes
ac_cv_header_sys_stat_h=yes
ac_cv_header_sys_types_h=yes
ac_cv_header_unistd_h=yes
ac_cv_lib_asound_snd_ctl_open=yes
ac_cv_lib_gtkmm_2_4__init=yes
ac_cv_lib_rt_main=yes
ac_cv_lib_sigc_2_0_main=yes
ac_cv_objext=o
ac_cv_path_EGREP='/bin/grep -E'
ac_cv_path_GREP=/bin/grep
ac_cv_path_ac_pt_PKG_CONFIG=/usr/bin/pkg-config
ac_cv_path_install='/usr/bin/install -c'
ac_cv_path_mkdir=/bin/mkdir
ac_cv_prog_AWK=mawk
ac_cv_prog_CPP='gcc -E'
ac_cv_prog_ac_ct_CC=gcc
ac_cv_prog_ac_ct_CXX=g++
ac_cv_prog_cc_c89=
ac_cv_prog_cc_g=yes
ac_cv_prog_cxx_g=yes
ac_cv_prog_make_make_set=yes
am_cv_CC_dependencies_compiler_type=gcc3
am_cv_CXX_dependencies_compiler_type=gcc3
pkg_cv_GTKMM_CFLAGS='-pthread -I/usr/include/gtkmm-2.4 -I/usr/lib/x86_64-linux-gnu/gtkmm-2.4/include -I/usr/include/atkmm-1.6 -I/usr/include/giomm-2.4 -I/usr/lib/x86_64-linux-gnu/giomm-2.4/include -I/usr/include/pangomm-1.4 -I/usr/lib/x86_64-linux-gnu/pangomm-1.4/include -I/usr/include/gtk-2.0 -I/usr/include/gtk-unix-print-2.0 -I/usr/include/gdkmm-2.4 -I/usr/lib/x86_64-linux-gnu/gdkmm-2.4/include -I/usr/include/atk-1.0 -I/usr/include/glibmm-2.4 -I/usr/lib/x86_64-linux-gnu/glibmm-2.4/include -I/usr/include/glib-2.0 -I/usr/lib/x86_64-linux-gnu/glib-2.0/include -I/usr/include/sigc++-2.0 -I/usr/lib/x86_64-linux-gnu/sigc++-2.0/include -I/usr/include/cairomm-1.0 -I/usr/lib/x86_64-linux-gnu/cairomm-1.0/include -I/usr/include/pango-1.0 -I/usr/include/cairo -I/usr/include/pixman-1 -I/usr/include/freetype2 -I/usr/include/libpng12 -I/usr/lib/x86_64-linux-gnu/gtk-2.0/include -I/usr/include/gdk-pixbuf-2.0 -I/usr/include/gio-unix-2.0/ -I/usr/include/harfbuzz  '
pkg_cv_GTKMM_LIBS='-lgtkmm-2.4 -latkmm-1.6 -lgdkmm-2.4 -lgiomm-2.4 -lpangomm-1.4 -lgtk-x11-2.0 -lglibmm-2.4 -lcairomm-1.0 -lsigc-2.0 -lgdk-x11-2.0 -latk-1.0 -lgio-2.0 -lpangoft2-1.0 -lpangocairo-1.0 -lgdk_pixbuf-2.0 -lcairo -lpango-1.0 -lfontconfig -lgobject-2.0 -lglib-2.0 -lfreetype  '
pkg_cv_JACK_CFLAGS=' '
pkg_cv_JACK_LIBS='-ljack  '

## ----------------- ##
## Output variables. ##
## ----------------- ##

ACLOCAL='${SHELL} /home/sjh/git/seq24plus/missing --run aclocal-1.11'
ALSA_CFLAGS=''
ALSA_LIBS=' -lasound -lm -ldl -lpthread'
AMDEPBACKSLASH='\'
AMDEP_FALSE='#'
AMDEP_TRUE=''
AMTAR='${SHELL} /home/sjh/git/seq24plus/missing --run tar'
AUTOCONF='${SHELL} /home/sjh/git/seq24plus/missing --run autoconf'
AUTOHEADER='${SHELL} /home/sjh/git/seq24plus/missing --run autoheader'
AUTOMAKE='${SHELL} /home/sjh/git/seq24plus/missing --run automake-1.11'
AWK='mawk'
CC='gcc'
CCDEPMODE='depmode=gcc3'
CFLAGS='-g -O2'
CPP='gcc -E'
CPPFLAGS='-DDEBUG'
CXX='g++'
CXXDEPMODE='depmode=gcc3'
CXXFLAGS='-g -O0'
CYGPATH_W='echo'
DEFS='-DHAVE_CONFIG_H'
DEPDIR='.deps'
ECHO_C=''
ECHO_N='-n'
ECHO_T=''
EGREP='/bin/grep -E'
EXEEXT=''
GREP='/bin/grep'
GTKMM_CFLAGS='-pthread -I/usr/include/gtkmm-2.4 -I/usr/lib/x86_64-linux-gnu/gtkmm-2.4/include -I/usr/include/atkmm-1.6 -I/usr/include/giomm-2.4 -I/usr/lib/x86_64-linux-gnu/giomm-2.4/include -I/usr/include/pangomm-1.4 -I/usr/lib/x86_64-linux-gnu/pangomm-1.4/include -I/usr/include/gtk-2.0 -I/usr/include/gtk-unix-print-2.0 -I/usr/include/gdkmm-2.4 -I/usr/lib/x86_64-linux-gnu/gdkmm-2.4/include -I/usr/include/atk-1.0 -I/usr/include/glibmm-2.4 -I/usr/lib/x86_64-linux-gnu/glibmm-2.4/include -I/usr/include/glib-2.0 -I/usr/lib/x86_64-linux-gnu/glib-2.0/include -I/usr/include/sigc++-2.0 -I/usr/lib/x86_64-linux-gnu/sigc++-2.0/include -I/usr/include/cairomm-1.0 -I/usr/lib/x86_64-linux-gnu/cairomm-1.0/include -I/usr/include/pango-1.0 -I/usr/include/cairo -I/usr/include/pixman-1 -I/usr/include/freetype2 -I/usr/include/libpng12 -I/usr/lib/x86_64-linux-gnu/gtk-2.0/include -I/usr/include/gdk-pixbuf-2.0 -I/usr/include/gio-unix-2.0/ -I/usr/include/harfbuzz  '
GTKMM_LIBS='-lgtkmm-2.4 -latkmm-1.6 -lgdkmm-2.4 -lgiomm-2.4 -lpangomm-1.4 -lgtk-x11-2.0 -lglibmm-2.4 -lcairomm-1.0 -lsigc-2.0 -lgdk-x11-2.0 -latk-1.0 -lgio-2.0 -lpangoft2-1.0 -lpangocairo-1.0 -lgdk_pixbuf-2.0 -lcairo -lpango-1.0 -lfontconfig -lgobject-2.0 -lglib-2.0 -lfreetype  '
INSTALL_DATA='${INSTALL} -m 644'
INSTALL_PROGRAM='${INSTALL}'
INSTALL_SCRIPT='${INSTALL}'
INSTALL_STRIP_PROGRAM='$(install_sh) -c -s'
JACK_CFLAGS=' '
JACK_LIBS='-ljack  '
LASH_CFLAGS=''
LASH_LIBS=''
LDFLAGS=' -Wl,--as-needed'
LIBOBJS=''
LIBS='-lasound -lm -ldl -lpthread -lsigc-2.0 -lgtkmm-2.4 -lrt'
LN_S='ln -s'
LTLIBOBJS=''
MAKEINFO='${SHELL} /home/sjh/git/seq24plus/missing --run makeinfo'
MKDIR_P='/bin/mkdir -p'
OBJEXT='o'
PACKAGE='seq24'
PACKAGE_BUGREPORT='seq24-devel@lists.sourceforge.net'
PACKAGE_NAME='seq24'
PACKAGE_STRING='seq24 0.9.2'
PACKAGE_TARNAME='seq24'
PACKAGE_URL=''
PACKAGE_VERSION='0.9.2'
PATH_SEPARATOR=':'
PKG_CONFIG='/usr/bin/pkg-config'
PKG_CONFIG_LIBDIR=''
PKG_CONFIG_PATH=''
SET_MAKE=''
SHELL='/bin/bash'
STRIP=''
VERSION='0.9.2'
ac_ct_CC='gcc'
ac_ct_CXX='g++'
am__EXEEXT_FALSE=''
am__EXEEXT_TRUE='#'
am__fastdepCC_FALSE='#'
am__fastdepCC_TRUE=''
am__fastdepCXX_FALSE='#'
am__fastdepCXX_TRUE=''
am__include='include'
am__isrc=''
am__leading_dot='.'
am__quote=''
am__tar='${AMTAR} chof - "$$tardir"'
am__untar='${AMTAR} xf -'
bindir='${exec_prefix}/bin'
build_alias=''
datadir='${datarootdir}'
datarootdir='${prefix}/share'
docdir='${datarootdir}/doc/${PACKAGE_TARNAME}'
dvidir='${docdir}'
exec_prefix='${prefix}'
host_alias=''
htmldir='${docdir}'
includedir='${prefix}/include'
infodir='${datarootdir}/info'
install_sh='${SHELL} /home/sjh/git/seq24plus/install-sh'
libdir='${exec_prefix}/lib'
libexecdir='${exec_prefix}/libexec'
localedir='${datarootdir}/locale'
localstatedir='${prefix}/var'
mandir='${datarootdir}/man'
mkdir_p='/bin/mkdir -p'
oldincludedir='/usr/include'
pdfdir='${docdir}'
prefix='/usr/local'
program_transform_name='s,x,x,'
psdir='${docdir}'
sbindir='${exec_prefix}/sbin'
sharedstatedir='${prefix}/com'
sysconfdir='${prefix}/etc'
target_alias=''

## ----------- ##
## confdefs.h. ##
## ----------- ##

/* confdefs.h */
#define PACKAGE_NAME "seq24"
#define PACKAGE_TARNAME "seq24"
#define PACKAGE_VERSION "0.9.2"
#define PACKAGE_STRING "seq24 0.9.2"
#define PACKAGE_BUGREPORT "seq24-devel@lists.sourceforge.net"
#define PACKAGE_URL ""
#define PACKAGE "seq24"
#define VERSION "0.9.2"
#define _GNU_SOURCE 1
#define HAVE_LIBRT 1
#define HAVE_LIBGTKMM_2_4 1
#define HAVE_LIBSIGC_2_0 1
#define STDC_HEADERS 1
#define HAVE_SYS_TYPES_H 1
#define HAVE_SYS_STAT_H 1
#define HAVE_STDLIB_H 1
#define HAVE_STRING_H 1
#define HAVE_MEMORY_H 1
#define HAVE_STRINGS_H 1
#define HAVE_INTTYPES_H 1
#define HAVE_STDINT_H 1
#define HAVE_UNISTD_H 1
#define HAVE_GETOPT_H 1
#define HAVE_LIBASOUND 1
#define JACK_SUPPORT 1
#define JACK_SESSION 1

configure: exit 0
